[2026-03-19T15:00:18.817Z] Polymarket fetch timeout
[2026-03-19T15:04:35.243Z] Fetch cycle error: Invalid time value
[2026-03-19T15:04:36.403Z] Fetch cycle error: Invalid time value
[2026-03-19T15:04:39.408Z] Fetch cycle error: Invalid time value
[2026-03-19T15:06:58.031Z] Kalshi fetch error: Kalshi HTTP 401: Unauthorized
[2026-03-19T15:07:05.023Z] Kalshi fetch error: Kalshi HTTP 401: Unauthorized
[2026-03-19T15:07:11.772Z] Kalshi fetch error: Kalshi HTTP 401: Unauthorized
[2026-03-19T15:07:18.848Z] Kalshi fetch error: Kalshi HTTP 401: Unauthorized
[2026-03-19T15:07:25.661Z] Kalshi fetch error: Kalshi HTTP 401: Unauthorized
[2026-03-19T15:07:32.479Z] Kalshi fetch error: Kalshi HTTP 401: Unauthorized
[2026-03-19T15:07:39.291Z] Kalshi fetch error: Kalshi HTTP 401: Unauthorized
[2026-03-19T15:07:46.107Z] Kalshi fetch error: Kalshi HTTP 401: Unauthorized
[2026-03-19T15:07:52.921Z] Kalshi fetch error: Kalshi HTTP 401: Unauthorized
[2026-03-19T15:07:59.797Z] Kalshi fetch error: Kalshi HTTP 401: Unauthorized
[2026-03-19T15:08:06.708Z] Kalshi fetch error: Kalshi HTTP 401: Unauthorized
[2026-03-19T15:08:13.529Z] Kalshi fetch error: Kalshi HTTP 401: Unauthorized
[2026-03-19T15:08:20.534Z] Kalshi fetch error: Kalshi HTTP 401: Unauthorized
[2026-03-19T15:08:27.302Z] Kalshi fetch error: Kalshi HTTP 401: Unauthorized
[2026-03-19T15:08:34.103Z] Kalshi fetch error: Kalshi HTTP 401: Unauthorized
[2026-03-19T15:08:40.935Z] Kalshi fetch error: Kalshi HTTP 401: Unauthorized
[2026-03-19T15:08:47.785Z] Kalshi fetch error: Kalshi HTTP 401: Unauthorized
[2026-03-19T15:08:54.539Z] Kalshi fetch error: Kalshi HTTP 401: Unauthorized
[2026-03-19T15:09:01.414Z] Kalshi fetch error: Kalshi HTTP 401: Unauthorized
[2026-03-19T15:09:08.241Z] Kalshi fetch error: Kalshi HTTP 401: Unauthorized
[2026-03-19T15:09:15.234Z] Kalshi fetch error: Kalshi HTTP 401: Unauthorized
[2026-03-19T15:09:21.818Z] Kalshi fetch error: Kalshi HTTP 401: Unauthorized
[2026-03-19T15:09:28.618Z] Kalshi fetch error: Kalshi HTTP 401: Unauthorized
[2026-03-19T15:09:35.683Z] Kalshi fetch error: Kalshi HTTP 401: Unauthorized
[2026-03-19T15:09:42.502Z] Kalshi fetch error: Kalshi HTTP 401: Unauthorized
[2026-03-19T15:09:49.323Z] Kalshi fetch error: Kalshi HTTP 401: Unauthorized
[2026-03-19T15:09:56.186Z] Kalshi fetch error: Kalshi HTTP 401: Unauthorized
[2026-03-19T15:10:03.108Z] Kalshi fetch error: Kalshi HTTP 401: Unauthorized
[2026-03-19T15:10:09.999Z] Kalshi fetch error: Kalshi HTTP 401: Unauthorized
[2026-03-19T15:10:17.255Z] Kalshi fetch error: Kalshi HTTP 401: Unauthorized
[2026-03-19T15:10:23.917Z] Kalshi fetch error: Kalshi HTTP 401: Unauthorized
[2026-03-19T15:10:30.734Z] Kalshi fetch error: Kalshi HTTP 401: Unauthorized
[2026-03-19T15:10:37.597Z] Kalshi fetch error: Kalshi HTTP 401: Unauthorized
[2026-03-19T15:10:44.414Z] Kalshi fetch error: Kalshi HTTP 401: Unauthorized
[2026-03-19T15:10:51.182Z] Kalshi fetch error: Kalshi HTTP 401: Unauthorized
[2026-03-19T15:10:57.993Z] Kalshi fetch error: Kalshi HTTP 401: Unauthorized
[2026-03-19T15:11:04.815Z] Kalshi fetch error: Kalshi HTTP 401: Unauthorized
[2026-03-19T15:11:11.678Z] Kalshi fetch error: Kalshi HTTP 401: Unauthorized
[2026-03-19T15:11:18.603Z] Kalshi fetch error: Kalshi HTTP 401: Unauthorized
[2026-03-19T15:11:25.259Z] Kalshi fetch error: Kalshi HTTP 401: Unauthorized
[2026-03-19T15:11:32.077Z] Kalshi fetch error: Kalshi HTTP 401: Unauthorized
[2026-03-19T15:11:38.894Z] Kalshi fetch error: Kalshi HTTP 401: Unauthorized
[2026-03-19T15:11:45.706Z] Kalshi fetch error: Kalshi HTTP 401: Unauthorized
[2026-03-19T15:11:52.528Z] Kalshi fetch error: Kalshi HTTP 401: Unauthorized
[2026-03-19T15:11:59.339Z] Kalshi fetch error: Kalshi HTTP 401: Unauthorized
[2026-03-19T15:12:06.227Z] Kalshi fetch error: Kalshi HTTP 401: Unauthorized
[2026-03-19T15:12:13.127Z] Kalshi fetch error: Kalshi HTTP 401: Unauthorized
[2026-03-19T15:12:20.308Z] Kalshi fetch error: Kalshi HTTP 401: Unauthorized
[2026-03-19T15:12:27.288Z] Kalshi fetch error: Kalshi HTTP 401: Unauthorized
[2026-03-19T15:12:35.147Z] Kalshi fetch error: Kalshi HTTP 401: Unauthorized
[2026-03-19T15:12:42.330Z] Kalshi fetch error: Kalshi HTTP 401: Unauthorized
[2026-03-19T15:12:49.841Z] Kalshi fetch error: Kalshi HTTP 401: Unauthorized
[2026-03-19T15:12:56.728Z] Kalshi fetch error: Kalshi HTTP 401: Unauthorized
[2026-03-19T15:13:03.837Z] Kalshi fetch error: Kalshi HTTP 401: Unauthorized
[2026-03-19T15:13:10.637Z] Kalshi fetch error: Kalshi HTTP 401: Unauthorized
[2026-03-19T15:13:17.460Z] Kalshi fetch error: Kalshi HTTP 401: Unauthorized
[2026-03-19T15:13:24.267Z] Kalshi fetch error: Kalshi HTTP 401: Unauthorized
[2026-03-19T15:13:31.082Z] Kalshi fetch error: Kalshi HTTP 401: Unauthorized
[2026-03-19T15:13:37.648Z] Kalshi fetch error: Kalshi HTTP 401: Unauthorized
[2026-03-19T15:13:44.426Z] Kalshi fetch error: Kalshi HTTP 401: Unauthorized
[2026-03-19T15:13:51.245Z] Kalshi fetch error: Kalshi HTTP 401: Unauthorized
[2026-03-19T15:13:58.061Z] Kalshi fetch error: Kalshi HTTP 401: Unauthorized
[2026-03-19T15:14:04.935Z] Kalshi fetch error: Kalshi HTTP 401: Unauthorized
[2026-03-19T15:14:11.678Z] Kalshi fetch error: Kalshi HTTP 401: Unauthorized
[2026-03-19T15:14:18.962Z] Kalshi fetch error: Kalshi HTTP 401: Unauthorized
[2026-03-19T15:14:25.611Z] Kalshi fetch error: Kalshi HTTP 401: Unauthorized
[2026-03-19T15:14:32.431Z] Kalshi fetch error: Kalshi HTTP 401: Unauthorized
[2026-03-19T15:14:39.247Z] Kalshi fetch error: Kalshi HTTP 401: Unauthorized
[2026-03-19T15:14:46.058Z] Kalshi fetch error: Kalshi HTTP 401: Unauthorized
[2026-03-19T15:14:52.881Z] Kalshi fetch error: Kalshi HTTP 401: Unauthorized
[2026-03-19T15:14:59.689Z] Kalshi fetch error: Kalshi HTTP 401: Unauthorized
[2026-03-19T15:15:06.514Z] Kalshi fetch error: Kalshi HTTP 401: Unauthorized
[2026-03-19T15:15:13.489Z] Kalshi fetch error: Kalshi HTTP 401: Unauthorized
[2026-03-19T15:15:26.601Z] Kalshi fetch error: Kalshi HTTP 401: Unauthorized
[2026-03-19T15:15:33.784Z] Kalshi fetch error: Kalshi HTTP 401: Unauthorized
[2026-03-19T15:15:40.586Z] Kalshi fetch error: Kalshi HTTP 401: Unauthorized
[2026-03-19T15:15:47.771Z] Kalshi fetch error: Kalshi HTTP 401: Unauthorized
[2026-03-19T15:15:54.454Z] Kalshi fetch error: Kalshi HTTP 401: Unauthorized
[2026-03-19T15:16:01.294Z] Kalshi fetch error: Kalshi HTTP 401: Unauthorized
[2026-03-19T15:16:08.380Z] Kalshi fetch error: Kalshi HTTP 401: Unauthorized
[2026-03-19T15:16:15.460Z] Kalshi fetch error: Kalshi HTTP 401: Unauthorized
[2026-03-19T15:16:22.598Z] Kalshi fetch error: Kalshi HTTP 401: Unauthorized
[2026-03-19T15:16:30.274Z] Kalshi 429 — backing off 2000ms
[2026-03-19T15:16:30.277Z] Kalshi 429 — backing off 2000ms
[2026-03-19T15:16:30.278Z] Kalshi 429 — backing off 2000ms
[2026-03-19T15:16:30.278Z] Kalshi 429 — backing off 2000ms
[2026-03-19T15:16:32.801Z] Kalshi 429 — backing off 2000ms
[2026-03-19T15:16:32.802Z] Kalshi 429 — backing off 2000ms
[2026-03-19T15:16:32.802Z] Kalshi 429 — backing off 2000ms
[2026-03-19T15:16:32.803Z] Kalshi 429 — backing off 2000ms
[2026-03-19T15:16:35.296Z] Kalshi 429 — backing off 2000ms
[2026-03-19T15:16:35.300Z] Kalshi 429 — backing off 2000ms
[2026-03-19T15:16:35.300Z] Kalshi 429 — backing off 2000ms
[2026-03-19T15:16:35.300Z] Kalshi 429 — backing off 2000ms
[2026-03-19T15:16:37.772Z] Kalshi 429 — backing off 2000ms
[2026-03-19T15:16:37.772Z] Kalshi 429 — backing off 2000ms
[2026-03-19T15:16:37.772Z] Kalshi 429 — backing off 2000ms
[2026-03-19T15:16:37.794Z] Kalshi 429 — backing off 2000ms
[2026-03-19T15:16:40.534Z] Kalshi 429 — backing off 2000ms
[2026-03-19T15:16:40.539Z] Kalshi 429 — backing off 2000ms
[2026-03-19T15:16:40.540Z] Kalshi 429 — backing off 2000ms
[2026-03-19T15:16:43.029Z] Kalshi 429 — backing off 2000ms
[2026-03-19T15:16:43.034Z] Kalshi 429 — backing off 2000ms
[2026-03-19T15:16:43.036Z] Kalshi 429 — backing off 2000ms
[2026-03-19T15:16:45.610Z] Kalshi 429 — backing off 2000ms
[2026-03-19T15:16:45.611Z] Kalshi 429 — backing off 2000ms
[2026-03-19T15:16:45.611Z] Kalshi 429 — backing off 2000ms
[2026-03-19T15:16:48.094Z] Kalshi 429 — backing off 2000ms
[2026-03-19T15:16:48.094Z] Kalshi 429 — backing off 2000ms
[2026-03-19T15:16:48.095Z] Kalshi 429 — backing off 2000ms
[2026-03-19T15:16:50.634Z] Kalshi 429 — backing off 2000ms
[2026-03-19T15:16:50.655Z] Kalshi 429 — backing off 2000ms
[2026-03-19T15:16:53.143Z] Kalshi 429 — backing off 2000ms
[2026-03-19T15:16:53.144Z] Kalshi 429 — backing off 2000ms
[2026-03-19T15:16:55.646Z] Kalshi 429 — backing off 2000ms
[2026-03-19T15:16:58.390Z] Kalshi 429 — backing off 2000ms
[2026-03-19T15:17:00.863Z] Kalshi 429 — backing off 2000ms
[2026-03-19T15:17:03.239Z] Kalshi 429 — backing off 2000ms
[2026-03-19T15:17:03.271Z] Kalshi 429 — backing off 2000ms
[2026-03-19T15:17:05.703Z] Kalshi 429 — backing off 2000ms
[2026-03-19T15:17:05.722Z] Kalshi 429 — backing off 2000ms
[2026-03-19T15:17:08.356Z] Kalshi 429 — backing off 2000ms
[2026-03-19T15:17:10.777Z] Kalshi 429 — backing off 2000ms
[2026-03-19T15:17:10.777Z] Kalshi 429 — backing off 2000ms
[2026-03-19T15:17:13.398Z] Kalshi 429 — backing off 2000ms
[2026-03-19T15:17:16.020Z] Kalshi 429 — backing off 2000ms
[2026-03-19T15:17:18.469Z] Kalshi 429 — backing off 2000ms
[2026-03-19T15:17:18.470Z] Kalshi 429 — backing off 2000ms
[2026-03-19T15:17:20.840Z] Kalshi 429 — backing off 2000ms
[2026-03-19T15:17:20.844Z] Kalshi 429 — backing off 2000ms
[2026-03-19T15:17:23.187Z] Kalshi 429 — backing off 2000ms
[2026-03-19T15:17:23.188Z] Kalshi 429 — backing off 2000ms
[2026-03-19T15:17:25.626Z] Kalshi 429 — backing off 2000ms
[2026-03-19T15:17:25.631Z] Kalshi 429 — backing off 2000ms
[2026-03-19T15:17:27.965Z] Kalshi 429 — backing off 2000ms
[2026-03-19T15:17:27.965Z] Kalshi 429 — backing off 2000ms
[2026-03-19T15:17:27.979Z] Kalshi 429 — backing off 2000ms
[2026-03-19T15:17:30.480Z] Kalshi 429 — backing off 2000ms
[2026-03-19T15:17:30.510Z] Kalshi 429 — backing off 2000ms
[2026-03-19T15:17:33.100Z] Kalshi 429 — backing off 2000ms
[2026-03-19T15:17:33.122Z] Kalshi 429 — backing off 2000ms
[2026-03-19T15:17:35.753Z] Kalshi 429 — backing off 2000ms
[2026-03-19T15:17:38.093Z] Kalshi 429 — backing off 2000ms
[2026-03-19T15:17:38.094Z] Kalshi 429 — backing off 2000ms
[2026-03-19T15:17:40.662Z] Kalshi 429 — backing off 2000ms
[2026-03-19T15:17:40.663Z] Kalshi 429 — backing off 2000ms
[2026-03-19T15:17:42.996Z] Kalshi 429 — backing off 2000ms
[2026-03-19T15:17:43.000Z] Kalshi 429 — backing off 2000ms
[2026-03-19T15:17:43.010Z] Kalshi 429 — backing off 2000ms
[2026-03-19T15:17:45.383Z] Kalshi 429 — backing off 2000ms
[2026-03-19T15:17:45.384Z] Kalshi 429 — backing off 2000ms
[2026-03-19T15:17:45.384Z] Kalshi 429 — backing off 2000ms
[2026-03-19T15:17:45.385Z] Kalshi 429 — backing off 2000ms
[2026-03-19T15:17:47.821Z] Kalshi 429 — backing off 2000ms
[2026-03-19T15:17:47.826Z] Kalshi 429 — backing off 2000ms
[2026-03-19T15:17:47.827Z] Kalshi 429 — backing off 2000ms
[2026-03-19T15:17:47.827Z] Kalshi 429 — backing off 2000ms
[2026-03-19T15:17:47.827Z] Kalshi 429 — backing off 2000ms
[2026-03-19T15:17:49.994Z] Kalshi 429 — backing off 4000ms
[2026-03-19T15:17:54.815Z] Kalshi 429 — backing off 2000ms
[2026-03-19T15:17:57.163Z] Kalshi 429 — backing off 2000ms
[2026-03-19T15:17:57.164Z] Kalshi 429 — backing off 2000ms
[2026-03-19T15:17:59.540Z] Kalshi 429 — backing off 2000ms
[2026-03-19T15:17:59.544Z] Kalshi 429 — backing off 2000ms
[2026-03-19T15:17:59.545Z] Kalshi 429 — backing off 2000ms
[2026-03-19T15:18:01.978Z] Kalshi 429 — backing off 2000ms
[2026-03-19T15:18:01.979Z] Kalshi 429 — backing off 2000ms
[2026-03-19T15:18:01.979Z] Kalshi 429 — backing off 2000ms
[2026-03-19T15:18:01.986Z] Kalshi 429 — backing off 2000ms
[2026-03-19T15:18:04.568Z] Kalshi 429 — backing off 2000ms
[2026-03-19T15:18:04.569Z] Kalshi 429 — backing off 2000ms
[2026-03-19T15:18:04.569Z] Kalshi 429 — backing off 2000ms
[2026-03-19T15:18:07.182Z] Kalshi 429 — backing off 2000ms
[2026-03-19T15:18:07.188Z] Kalshi 429 — backing off 2000ms
[2026-03-19T15:18:07.204Z] Kalshi 429 — backing off 2000ms
[2026-03-19T15:18:09.538Z] Kalshi 429 — backing off 2000ms
[2026-03-19T15:18:09.538Z] Kalshi 429 — backing off 2000ms
[2026-03-19T15:18:09.539Z] Kalshi 429 — backing off 2000ms
[2026-03-19T15:18:09.539Z] Kalshi 429 — backing off 2000ms
[2026-03-19T15:18:11.939Z] Kalshi 429 — backing off 2000ms
[2026-03-19T15:18:11.939Z] Kalshi 429 — backing off 2000ms
[2026-03-19T15:18:11.939Z] Kalshi 429 — backing off 2000ms
[2026-03-19T15:18:11.941Z] Kalshi 429 — backing off 2000ms
[2026-03-19T15:18:11.952Z] Kalshi 429 — backing off 2000ms
[2026-03-19T15:18:14.111Z] Kalshi 429 — backing off 4000ms
[2026-03-19T15:18:19.114Z] Kalshi 429 — backing off 2000ms
[2026-03-19T15:18:22.085Z] Kalshi 429 — backing off 2000ms
[2026-03-19T15:18:24.519Z] Kalshi 429 — backing off 2000ms
[2026-03-19T15:18:24.520Z] Kalshi 429 — backing off 2000ms
[2026-03-19T15:18:26.867Z] Kalshi 429 — backing off 2000ms
[2026-03-19T15:18:26.867Z] Kalshi 429 — backing off 2000ms
[2026-03-19T15:18:29.293Z] Kalshi 429 — backing off 2000ms
[2026-03-19T15:18:29.294Z] Kalshi 429 — backing off 2000ms
[2026-03-19T15:18:29.294Z] Kalshi 429 — backing off 2000ms
[2026-03-19T15:18:31.692Z] Kalshi 429 — backing off 2000ms
[2026-03-19T15:18:31.693Z] Kalshi 429 — backing off 2000ms
[2026-03-19T15:18:31.694Z] Kalshi 429 — backing off 2000ms
[2026-03-19T15:18:34.051Z] Kalshi 429 — backing off 2000ms
[2026-03-19T15:18:34.052Z] Kalshi 429 — backing off 2000ms
[2026-03-19T15:18:34.052Z] Kalshi 429 — backing off 2000ms
[2026-03-19T15:18:34.052Z] Kalshi 429 — backing off 2000ms
[2026-03-19T15:18:36.408Z] Kalshi 429 — backing off 2000ms
[2026-03-19T15:18:36.408Z] Kalshi 429 — backing off 2000ms
[2026-03-19T15:18:36.409Z] Kalshi 429 — backing off 2000ms
[2026-03-19T15:18:36.409Z] Kalshi 429 — backing off 2000ms
[2026-03-19T15:18:36.411Z] Kalshi 429 — backing off 2000ms
[2026-03-19T15:18:44.821Z] Kalshi 429 — backing off 2000ms
[2026-03-19T15:52:56.727Z] Polymarket fetch failed: bucket.acquire is not a function
[2026-03-19T15:52:56.727Z] Kalshi fetch failed: bucket.acquire is not a function
[2026-03-19T15:52:59.733Z] Polymarket fetch failed: bucket.acquire is not a function
[2026-03-19T15:52:59.733Z] Kalshi fetch failed: bucket.acquire is not a function
[2026-03-19T15:59:41.656Z] Kalshi 429 — backing off 2000ms
[2026-03-19T16:00:19.083Z] Kalshi 429 — backing off 2000ms
[2026-03-19T16:01:47.573Z] Kalshi 429 — backing off 2000ms
[2026-03-19T16:02:30.468Z] Kalshi 429 — backing off 2000ms
[2026-03-19T16:03:51.325Z] Kalshi 429 — backing off 2000ms
[2026-03-19T16:04:34.212Z] Kalshi 429 — backing off 2000ms
[2026-03-19T16:05:46.608Z] Kalshi 429 — backing off 2000ms
[2026-03-19T16:06:42.004Z] Kalshi 429 — backing off 2000ms
[2026-03-19T16:07:47.903Z] Kalshi 429 — backing off 2000ms
[2026-03-19T16:08:40.260Z] Kalshi 429 — backing off 2000ms
[2026-03-19T16:09:54.209Z] Kalshi 429 — backing off 2000ms
[2026-03-19T16:24:36.210Z] Kalshi 429 — backing off 2000ms
[2026-03-19T16:26:15.522Z] Kalshi 429 — backing off 2000ms
[2026-03-19T16:28:15.238Z] Kalshi 429 — backing off 2000ms
[2026-03-19T16:29:29.826Z] Kalshi 429 — backing off 2000ms
[2026-03-19T16:30:16.536Z] Kalshi 429 — backing off 2000ms
[2026-03-19T16:31:34.401Z] Kalshi 429 — backing off 2000ms
[2026-03-19T16:32:00.699Z] Kalshi 429 — backing off 2000ms
[2026-03-19T16:32:41.057Z] Kalshi 429 — backing off 2000ms
[2026-03-19T16:34:25.217Z] Kalshi 429 — backing off 2000ms
[2026-03-19T16:35:41.595Z] Kalshi 429 — backing off 2000ms
